<?xml version="1.0" encoding="UTF-8"?>
<!-- Generated by org.testng.reporters.JUnitReportReporter -->
<testsuite hostname="GENIUS" name="apiExecutor.TradingApiExecutor" tests="2" failures="0" timestamp="6 Jun 2018 19:54:43 GMT" time="3.129" errors="0">
  <testcase name="test" time="1.855" classname="apiExecutor.TradingApiExecutor"/>
  <testcase name="test" time="1.274" classname="apiExecutor.TradingApiExecutor"/>
</testsuite> <!-- apiExecutor.TradingApiExecutor -->
